zxing/build/intermediates/manifest_merge_blame_file/debug/manifest-merger-blame-debug-report.txt
1<?xml version="1.0" encoding="utf-8"?>
2<manifest xmlns:android="http://schemas.android.com/apk/res/android"
3    package="com.google.zxing" >
4
5    <uses-sdk
6        android:minSdkVersion="14"
6-->src\main\AndroidManifest.xml
7        android:targetSdkVersion="29" />
7-->src\main\AndroidManifest.xml
8
9    <uses-permission android:name="android.permission.INTERNET" /> <!-- 网络权限 -->
9-->src\main\AndroidManifest.xml:3:5-67
9-->src\main\AndroidManifest.xml:3:22-64
10    <uses-permission android:name="android.permission.VIBRATE" /> <!-- 震动权限 -->
10-->src\main\AndroidManifest.xml:4:5-66
10-->src\main\AndroidManifest.xml:4:22-63
11    <uses-permission android:name="android.permission.CAMERA" /> <!-- 摄像头权限 -->
11-->src\main\AndroidManifest.xml:5:5-65
11-->src\main\AndroidManifest.xml:5:22-62
12    <uses-feature android:name="android.hardware.camera.autofocus" />
12-->src\main\AndroidManifest.xml:6:5-70
12-->src\main\AndroidManifest.xml:6:19-67
13
14    <!-- 自动聚焦权限 -->
15    <application
15-->src\main\AndroidManifest.xml:8:5-15:19
16        android:allowBackup="true"
16-->src\main\AndroidManifest.xml:9:9-35
17        android:label="@string/app_name"
17-->src\main\AndroidManifest.xml:10:9-41
18        android:supportsRtl="true"
18-->src\main\AndroidManifest.xml:11:9-35
19        android:theme="@style/AppTheme" >
19-->src\main\AndroidManifest.xml:12:9-40
20        <activity
20-->src\main\AndroidManifest.xml:13:9-14:65
21            android:name="com.google.zxing.activity.CaptureActivity"
21-->src\main\AndroidManifest.xml:13:19-75
22            android:theme="@style/Theme.AppCompat.NoActionBar" />
22-->src\main\AndroidManifest.xml:14:13-63
23    </application>
24
25</manifest>